Using pre-set license
Built from '2022.3/staging' branch; Version is '2022.3.7f1 (b16b3b16c7a0) revision 11627323'; Using compiler version '192829333'; Build Type 'Release'
OS: 'Windows 11  (10.0.22000) 64bit Professional' Language: 'es' Physical Memory: 32692 MB
BatchMode: 1, IsHumanControllingUs: 0, StartBugReporterOnCrash: 0, Is64bit: 1, IsPro: 1

COMMAND LINE ARGUMENTS:
D:\programas\2022.3.7f1\Editor\Unity.exe
-adb2
-batchMode
-noUpm
-name
AssetImportWorker1
-projectPath
D:/documentos/cursos/videojuegos/Reto3
-logFile
Logs/AssetImportWorker1.log
-srvPort
12348
Successfully changed project path to: D:/documentos/cursos/videojuegos/Reto3
D:/documentos/cursos/videojuegos/Reto3
[UnityMemory] Configuration Parameters - Can be set up in boot.config
    "memorysetup-bucket-allocator-granularity=16"
    "memorysetup-bucket-allocator-bucket-count=8"
    "memorysetup-bucket-allocator-block-size=33554432"
    "memorysetup-bucket-allocator-block-count=8"
    "memorysetup-main-allocator-block-size=16777216"
    "memorysetup-thread-allocator-block-size=16777216"
    "memorysetup-gfx-main-allocator-block-size=16777216"
    "memorysetup-gfx-thread-allocator-block-size=16777216"
    "memorysetup-cache-allocator-block-size=4194304"
    "memorysetup-typetree-allocator-block-size=2097152"
    "memorysetup-profiler-bucket-allocator-granularity=16"
    "memorysetup-profiler-bucket-allocator-bucket-count=8"
    "memorysetup-profiler-bucket-allocator-block-size=33554432"
    "memorysetup-profiler-bucket-allocator-block-count=8"
    "memorysetup-profiler-allocator-block-size=16777216"
    "memorysetup-profiler-editor-allocator-block-size=1048576"
    "memorysetup-temp-allocator-size-main=16777216"
    "memorysetup-job-temp-allocator-block-size=2097152"
    "memorysetup-job-temp-allocator-block-size-background=1048576"
    "memorysetup-job-temp-allocator-reduction-small-platforms=262144"
    "memorysetup-allocator-temp-initial-block-size-main=262144"
    "memorysetup-allocator-temp-initial-block-size-worker=262144"
    "memorysetup-temp-allocator-size-background-worker=32768"
    "memorysetup-temp-allocator-size-job-worker=262144"
    "memorysetup-temp-allocator-size-preload-manager=33554432"
    "memorysetup-temp-allocator-size-nav-mesh-worker=65536"
    "memorysetup-temp-allocator-size-audio-worker=65536"
    "memorysetup-temp-allocator-size-cloud-worker=32768"
    "memorysetup-temp-allocator-size-gi-baking-worker=262144"
    "memorysetup-temp-allocator-size-gfx=262144"
Player connection [10620] Host "[IP] 192.168.0.14 [Port] 0 [Flags] 2 [Guid] 3270892000 [EditorId] 3270892000 [Version] 1048832 [Id] WindowsEditor(7,FelipePC) [Debug] 1 [PackageName] WindowsEditor [ProjectName] Editor" joined multi-casting on [225.0.0.222:54997]...

Player connection [10620] Host "[IP] 192.168.0.14 [Port] 0 [Flags] 2 [Guid] 3270892000 [EditorId] 3270892000 [Version] 1048832 [Id] WindowsEditor(7,FelipePC) [Debug] 1 [PackageName] WindowsEditor [ProjectName] Editor" joined alternative multi-casting on [225.0.0.222:34997]...

Refreshing native plugins compatible for Editor in 5.47 ms, found 3 plugins.
Preloading 0 native plugins for Editor in 0.00 ms.
Initialize engine version: 2022.3.7f1 (b16b3b16c7a0)
[Subsystems] Discovering subsystems at path D:/programas/2022.3.7f1/Editor/Data/Resources/UnitySubsystems
[Subsystems] Discovering subsystems at path D:/documentos/cursos/videojuegos/Reto3/Assets
GfxDevice: creating device client; threaded=0; jobified=0
Direct3D:
    Version:  Direct3D 11.0 [level 11.1]
    Renderer: NVIDIA GeForce RTX 3060 (ID=0x2504)
    Vendor:   NVIDIA
    VRAM:     12129 MB
    Driver:   31.0.15.3667
Initialize mono
Mono path[0] = 'D:/programas/2022.3.7f1/Editor/Data/Managed'
Mono path[1] = 'D:/programas/2022.3.7f1/Editor/Data/MonoBleedingEdge/lib/mono/unityjit-win32'
Mono config path = 'D:/programas/2022.3.7f1/Editor/Data/MonoBleedingEdge/etc'
Using monoOptions --debugger-agent=transport=dt_socket,embedding=1,server=y,suspend=n,address=127.0.0.1:56924
Begin MonoManager ReloadAssembly
Registering precompiled unity dll's ...
Register platform support module: D:/programas/2022.3.7f1/Editor/Data/PlaybackEngines/AndroidPlayer/UnityEditor.Android.Extensions.dll
Register platform support module: D:/programas/2022.3.7f1/Editor/Data/PlaybackEngines/WindowsStandaloneSupport/UnityEditor.WindowsStandalone.Extensions.dll
Registered in 0.003642 seconds.
- Loaded All Assemblies, in  0.356 seconds
Native extension for WindowsStandalone target not found
Native extension for Android target not found
Android Extension - Scanning For ADB Devices 209 ms
Mono: successfully reloaded assembly
- Finished resetting the current domain, in  0.510 seconds
Domain Reload Profiling: 866ms
	BeginReloadAssembly (116ms)
		ExecutionOrderSort (0ms)
		DisableScriptedObjects (0ms)
		BackupInstance (0ms)
		ReleaseScriptingObjects (0ms)
		CreateAndSetChildDomain (1ms)
	RebuildCommonClasses (34ms)
	RebuildNativeTypeToScriptingClass (11ms)
	initialDomainReloadingComplete (46ms)
	LoadAllAssembliesAndSetupDomain (148ms)
		LoadAssemblies (115ms)
		RebuildTransferFunctionScriptingTraits (0ms)
		AnalyzeDomain (145ms)
			TypeCache.Refresh (144ms)
				TypeCache.ScanAssembly (130ms)
			ScanForSourceGeneratedMonoScriptInfo (0ms)
			ResolveRequiredComponents (1ms)
	FinalizeReload (511ms)
		ReleaseScriptCaches (0ms)
		RebuildScriptCaches (0ms)
		SetupLoadedEditorAssemblies (456ms)
			LogAssemblyErrors (0ms)
			InitializePlatformSupportModulesInManaged (309ms)
			SetLoadedEditorAssemblies (4ms)
			RefreshPlugins (0ms)
			BeforeProcessingInitializeOnLoad (2ms)
			ProcessInitializeOnLoadAttributes (95ms)
			ProcessInitializeOnLoadMethodAttributes (45ms)
			AfterProcessingInitializeOnLoad (0ms)
			EditorAssembliesLoaded (0ms)
		ExecutionOrderSort2 (0ms)
		AwakeInstancesAfterBackupRestoration (0ms)
========================================================================
Worker process is ready to serve import requests
Begin MonoManager ReloadAssembly
Symbol file LoadedFromMemory doesn't match image D:\documentos\cursos\videojuegos\Reto3\Library\PackageCache\com.unity.visualscripting@1.8.0\Editor\VisualScripting.Core\Dependencies\YamlDotNet\Unity.VisualScripting.YamlDotNet.dll
Symbol file LoadedFromMemory doesn't match image D:\documentos\cursos\videojuegos\Reto3\Library\PackageCache\com.unity.visualscripting@1.8.0\Editor\VisualScripting.Core\Dependencies\DotNetZip\Unity.VisualScripting.IonicZip.dll
- Loaded All Assemblies, in  0.540 seconds
Refreshing native plugins compatible for Editor in 2.03 ms, found 3 plugins.
Native extension for WindowsStandalone target not found
Native extension for Android target not found
Mono: successfully reloaded assembly
- Finished resetting the current domain, in  0.431 seconds
Domain Reload Profiling: 971ms
	BeginReloadAssembly (146ms)
		ExecutionOrderSort (0ms)
		DisableScriptedObjects (6ms)
		BackupInstance (0ms)
		ReleaseScriptingObjects (0ms)
		CreateAndSetChildDomain (21ms)
	RebuildCommonClasses (32ms)
	RebuildNativeTypeToScriptingClass (13ms)
	initialDomainReloadingComplete (43ms)
	LoadAllAssembliesAndSetupDomain (306ms)
		LoadAssemblies (239ms)
		RebuildTransferFunctionScriptingTraits (0ms)
		AnalyzeDomain (156ms)
			TypeCache.Refresh (140ms)
				TypeCache.ScanAssembly (126ms)
			ScanForSourceGeneratedMonoScriptInfo (12ms)
			ResolveRequiredComponents (3ms)
	FinalizeReload (431ms)
		ReleaseScriptCaches (0ms)
		RebuildScriptCaches (0ms)
		SetupLoadedEditorAssemblies (299ms)
			LogAssemblyErrors (0ms)
			InitializePlatformSupportModulesInManaged (19ms)
			SetLoadedEditorAssemblies (4ms)
			RefreshPlugins (0ms)
			BeforeProcessingInitializeOnLoad (47ms)
			ProcessInitializeOnLoadAttributes (211ms)
			ProcessInitializeOnLoadMethodAttributes (16ms)
			AfterProcessingInitializeOnLoad (2ms)
			EditorAssembliesLoaded (0ms)
		ExecutionOrderSort2 (0ms)
		AwakeInstancesAfterBackupRestoration (5ms)
Launched and connected shader compiler UnityShaderCompiler.exe after 0.03 seconds
Refreshing native plugins compatible for Editor in 2.88 ms, found 3 plugins.
Preloading 0 native plugins for Editor in 0.00 ms.
Unloading 3067 Unused Serialized files (Serialized files now loaded: 0)
Unloading 31 unused Assets / (56.3 KB). Loaded Objects now: 3532.
Memory consumption went from 119.1 MB to 119.0 MB.
Total: 4.179200 ms (FindLiveObjects: 0.471900 ms CreateObjectMapping: 0.113200 ms MarkObjects: 3.476100 ms  DeleteObjects: 0.116900 ms)

AssetImportParameters requested are different than current active one (requested -> active):
  custom:container-demuxer-ogg: 62fdf1f143b41e24485cea50d1cbac27 -> 
  custom:video-decoder-ogg-theora: a1e56fd34408186e4bbccfd4996cb3dc -> 
  custom:framework-win-MediaFoundation: 216162199b28c13a410421893ffa2e32 -> 
  custom:CustomObjectIndexerAttribute: 756ad292c208cfabdd7b50bc23989ffe -> 
  custom:container-demuxer-webm: 4f35f7cbe854078d1ac9338744f61a02 -> 
  custom:container-muxer-webm: aa71ff27fc2769a1b78a27578f13a17b -> 
  custom:video-decoder-webm-vp8: 9c59270c3fd7afecdb556c50c9e8de78 -> 
  custom:SearchIndexIgnoredProperties: e643bd26f0fe6173181afceb89e7c659 -> 
  custom:AudioImporter_EditorPlatform: d09bf68614088b80899f8185d706f6e7 -> 
  custom:video-encoder-webm-vp8: eb34c28f22e8b96e1ab97ce403110664 -> 
  custom:audio-decoder-ogg-vorbis: bf7c407c2cedff20999df2af8eb42d56 -> 
  custom:audio-encoder-webm-vorbis: bf7c407c2cedff20999df2af8eb42d56 -> 
========================================================================
Received Import Request.
  Time since last request: 389005.233992 seconds.
  path: Assets/Meshes/Roads/road branch.fbx
  artifactKey: Guid(83972121a82131c4d817116c3fa6e564) Importer(815301076,1909f56bfc062723c751e8b465ee728b)
Start importing Assets/Meshes/Roads/road branch.fbx using Guid(83972121a82131c4d817116c3fa6e564) Importer(815301076,1909f56bfc062723c751e8b465ee728b)  -> (artifact id: 'ed6ce36ec09a33ac632b16043e425805') in 0.508679 seconds
Number of updated asset objects reloaded before import = 0
Number of asset objects unloaded after import = 28
========================================================================
Received Import Request.
  Time since last request: 0.000029 seconds.
  path: Assets/Meshes/Roads/road ramp curve right.fbx
  artifactKey: Guid(9b43c8ecc1810e04091f12fae0ab5181) Importer(815301076,1909f56bfc062723c751e8b465ee728b)
Start importing Assets/Meshes/Roads/road ramp curve right.fbx using Guid(9b43c8ecc1810e04091f12fae0ab5181) Importer(815301076,1909f56bfc062723c751e8b465ee728b)  -> (artifact id: '1ece57629f5bae7a5ec09b44af108ba2') in 0.037146 seconds
Number of updated asset objects reloaded before import = 0
Number of asset objects unloaded after import = 28
========================================================================
Received Import Request.
  Time since last request: 0.000029 seconds.
  path: Assets/Meshes/Roads/terrain chunk.fbx
  artifactKey: Guid(c51c27c0dfff9344196adfd96d5e4b56) Importer(815301076,1909f56bfc062723c751e8b465ee728b)
Start importing Assets/Meshes/Roads/terrain chunk.fbx using Guid(c51c27c0dfff9344196adfd96d5e4b56) Importer(815301076,1909f56bfc062723c751e8b465ee728b)  -> (artifact id: 'c3a45d2b126d93fd8b9daaca719dd6c9') in 0.027125 seconds
Number of updated asset objects reloaded before import = 0
Number of asset objects unloaded after import = 22
========================================================================
Received Import Request.
  Time since last request: 0.000019 seconds.
  path: Assets/Meshes/Roads/road intesection small.fbx
  artifactKey: Guid(e5fc6d26e48610d458cc0896db694e2a) Importer(815301076,1909f56bfc062723c751e8b465ee728b)
Start importing Assets/Meshes/Roads/road intesection small.fbx using Guid(e5fc6d26e48610d458cc0896db694e2a) Importer(815301076,1909f56bfc062723c751e8b465ee728b)  -> (artifact id: 'a4a9e8893a4a14909d1a8fb6be873c2f') in 0.053667 seconds
Number of updated asset objects reloaded before import = 0
Number of asset objects unloaded after import = 46
========================================================================
Received Import Request.
  Time since last request: 0.000013 seconds.
  path: Assets/Meshes/Roads/road corner.fbx
  artifactKey: Guid(b0fc18ea748665a40bb932ed718ad4da) Importer(815301076,1909f56bfc062723c751e8b465ee728b)
Start importing Assets/Meshes/Roads/road corner.fbx using Guid(b0fc18ea748665a40bb932ed718ad4da) Importer(815301076,1909f56bfc062723c751e8b465ee728b)  -> (artifact id: '93c82e1cc31e54ea8f3668550e2b3588') in 0.033301 seconds
Number of updated asset objects reloaded before import = 0
Number of asset objects unloaded after import = 28
========================================================================
Received Import Request.
  Time since last request: 0.000016 seconds.
  path: Assets/Meshes/Roads/road ramp turn inner.fbx
  artifactKey: Guid(443cbd03419215843b4406a4bfb3649d) Importer(815301076,1909f56bfc062723c751e8b465ee728b)
Start importing Assets/Meshes/Roads/road ramp turn inner.fbx using Guid(443cbd03419215843b4406a4bfb3649d) Importer(815301076,1909f56bfc062723c751e8b465ee728b)  -> (artifact id: 'dfc475f1aba0c7d7a7c81683a9c7bc18') in 0.032680 seconds
Number of updated asset objects reloaded before import = 0
Number of asset objects unloaded after import = 28
========================================================================
Received Import Request.
  Time since last request: 0.000022 seconds.
  path: Assets/Meshes/Roads/road branch small.fbx
  artifactKey: Guid(0b54b4d44f577474fb5a4bd8afd6c4da) Importer(815301076,1909f56bfc062723c751e8b465ee728b)
Start importing Assets/Meshes/Roads/road branch small.fbx using Guid(0b54b4d44f577474fb5a4bd8afd6c4da) Importer(815301076,1909f56bfc062723c751e8b465ee728b)  -> (artifact id: 'cd02cae5cc6c3d9279cc536c40e11703') in 0.053414 seconds
Number of updated asset objects reloaded before import = 0
Number of asset objects unloaded after import = 46
========================================================================
Received Import Request.
  Time since last request: 0.000017 seconds.
  path: Assets/Meshes/Roads/road trun large outer.fbx
  artifactKey: Guid(41b4f7f75e09fcb4a8a6979675bebf27) Importer(815301076,1909f56bfc062723c751e8b465ee728b)
Start importing Assets/Meshes/Roads/road trun large outer.fbx using Guid(41b4f7f75e09fcb4a8a6979675bebf27) Importer(815301076,1909f56bfc062723c751e8b465ee728b)  -> (artifact id: '74cf5d9f68a21097a865f96bd99addbc') in 0.032172 seconds
Number of updated asset objects reloaded before import = 0
Number of asset objects unloaded after import = 28
========================================================================
Received Import Request.
  Time since last request: 0.000012 seconds.
  path: Assets/Meshes/Roads/road ramp straight.fbx
  artifactKey: Guid(41e1be6ba5896634480cf17974c68e47) Importer(815301076,1909f56bfc062723c751e8b465ee728b)
Start importing Assets/Meshes/Roads/road ramp straight.fbx using Guid(41e1be6ba5896634480cf17974c68e47) Importer(815301076,1909f56bfc062723c751e8b465ee728b)  -> (artifact id: 'a838949b973429ec92f46501409508b9') in 0.033833 seconds
Number of updated asset objects reloaded before import = 0
Number of asset objects unloaded after import = 28
========================================================================
Received Import Request.
  Time since last request: 0.000023 seconds.
  path: Assets/Meshes/Roads/road square.fbx
  artifactKey: Guid(2e47a06dff4578442a92a5c639280772) Importer(815301076,1909f56bfc062723c751e8b465ee728b)
Start importing Assets/Meshes/Roads/road square.fbx using Guid(2e47a06dff4578442a92a5c639280772) Importer(815301076,1909f56bfc062723c751e8b465ee728b)  -> (artifact id: '2c459a560a56beeb1c6b463b59093ace') in 0.020686 seconds
Number of updated asset objects reloaded before import = 0
Number of asset objects unloaded after import = 16
========================================================================
Received Import Request.
  Time since last request: 0.000016 seconds.
  path: Assets/Meshes/Roads/road straight.fbx
  artifactKey: Guid(4e630d52eb0a7c94d81a76c596960e1a) Importer(815301076,1909f56bfc062723c751e8b465ee728b)
Start importing Assets/Meshes/Roads/road straight.fbx using Guid(4e630d52eb0a7c94d81a76c596960e1a) Importer(815301076,1909f56bfc062723c751e8b465ee728b)  -> (artifact id: '8b1c7382be44f0e2b0b6d27a51f304c7') in 0.047646 seconds
Number of updated asset objects reloaded before import = 0
Number of asset objects unloaded after import = 40
Editor requested this worker to shutdown with reason: Scaling down because of idle timeout
TcpMessagingSession - receive error: operation aborted. errorcode: 995, details: La operación de E/S se anuló por una salida de subproceso o por una solicitud de aplicación.
AssetImportWorker is now disconnected from the server
Process exiting
Exiting without the bug reporter. Application will terminate with return code 0