Using pre-set license
Built from '2022.3/staging' branch; Version is '2022.3.7f1 (b16b3b16c7a0) revision 11627323'; Using compiler version '192829333'; Build Type 'Release'
OS: 'Windows 11  (10.0.22000) 64bit Professional' Language: 'es' Physical Memory: 32692 MB
BatchMode: 1, IsHumanControllingUs: 0, StartBugReporterOnCrash: 0, Is64bit: 1, IsPro: 1

COMMAND LINE ARGUMENTS:
D:\programas\2022.3.7f1\Editor\Unity.exe
-adb2
-batchMode
-noUpm
-name
AssetImportWorker2
-projectPath
D:/documentos/cursos/videojuegos/Reto3
-logFile
Logs/AssetImportWorker2.log
-srvPort
7288
Successfully changed project path to: D:/documentos/cursos/videojuegos/Reto3
D:/documentos/cursos/videojuegos/Reto3
[UnityMemory] Configuration Parameters - Can be set up in boot.config
    "memorysetup-bucket-allocator-granularity=16"
    "memorysetup-bucket-allocator-bucket-count=8"
    "memorysetup-bucket-allocator-block-size=33554432"
    "memorysetup-bucket-allocator-block-count=8"
    "memorysetup-main-allocator-block-size=16777216"
    "memorysetup-thread-allocator-block-size=16777216"
    "memorysetup-gfx-main-allocator-block-size=16777216"
    "memorysetup-gfx-thread-allocator-block-size=16777216"
    "memorysetup-cache-allocator-block-size=4194304"
    "memorysetup-typetree-allocator-block-size=2097152"
    "memorysetup-profiler-bucket-allocator-granularity=16"
    "memorysetup-profiler-bucket-allocator-bucket-count=8"
    "memorysetup-profiler-bucket-allocator-block-size=33554432"
    "memorysetup-profiler-bucket-allocator-block-count=8"
    "memorysetup-profiler-allocator-block-size=16777216"
    "memorysetup-profiler-editor-allocator-block-size=1048576"
    "memorysetup-temp-allocator-size-main=16777216"
    "memorysetup-job-temp-allocator-block-size=2097152"
    "memorysetup-job-temp-allocator-block-size-background=1048576"
    "memorysetup-job-temp-allocator-reduction-small-platforms=262144"
    "memorysetup-allocator-temp-initial-block-size-main=262144"
    "memorysetup-allocator-temp-initial-block-size-worker=262144"
    "memorysetup-temp-allocator-size-background-worker=32768"
    "memorysetup-temp-allocator-size-job-worker=262144"
    "memorysetup-temp-allocator-size-preload-manager=33554432"
    "memorysetup-temp-allocator-size-nav-mesh-worker=65536"
    "memorysetup-temp-allocator-size-audio-worker=65536"
    "memorysetup-temp-allocator-size-cloud-worker=32768"
    "memorysetup-temp-allocator-size-gi-baking-worker=262144"
    "memorysetup-temp-allocator-size-gfx=262144"
Player connection [19332] Host "[IP] 192.168.0.14 [Port] 0 [Flags] 2 [Guid] 1312441476 [EditorId] 1312441476 [Version] 1048832 [Id] WindowsEditor(7,FelipePC) [Debug] 1 [PackageName] WindowsEditor [ProjectName] Editor" joined multi-casting on [225.0.0.222:54997]...

Player connection [19332] Host "[IP] 192.168.0.14 [Port] 0 [Flags] 2 [Guid] 1312441476 [EditorId] 1312441476 [Version] 1048832 [Id] WindowsEditor(7,FelipePC) [Debug] 1 [PackageName] WindowsEditor [ProjectName] Editor" joined alternative multi-casting on [225.0.0.222:34997]...

Refreshing native plugins compatible for Editor in 5.46 ms, found 3 plugins.
Preloading 0 native plugins for Editor in 0.00 ms.
Initialize engine version: 2022.3.7f1 (b16b3b16c7a0)
[Subsystems] Discovering subsystems at path D:/programas/2022.3.7f1/Editor/Data/Resources/UnitySubsystems
[Subsystems] Discovering subsystems at path D:/documentos/cursos/videojuegos/Reto3/Assets
GfxDevice: creating device client; threaded=0; jobified=0
Direct3D:
    Version:  Direct3D 11.0 [level 11.1]
    Renderer: NVIDIA GeForce RTX 3060 (ID=0x2504)
    Vendor:   NVIDIA
    VRAM:     12129 MB
    Driver:   31.0.15.3667
Initialize mono
Mono path[0] = 'D:/programas/2022.3.7f1/Editor/Data/Managed'
Mono path[1] = 'D:/programas/2022.3.7f1/Editor/Data/MonoBleedingEdge/lib/mono/unityjit-win32'
Mono config path = 'D:/programas/2022.3.7f1/Editor/Data/MonoBleedingEdge/etc'
Using monoOptions --debugger-agent=transport=dt_socket,embedding=1,server=y,suspend=n,address=127.0.0.1:56412
Begin MonoManager ReloadAssembly
Registering precompiled unity dll's ...
Register platform support module: D:/programas/2022.3.7f1/Editor/Data/PlaybackEngines/AndroidPlayer/UnityEditor.Android.Extensions.dll
Register platform support module: D:/programas/2022.3.7f1/Editor/Data/PlaybackEngines/WindowsStandaloneSupport/UnityEditor.WindowsStandalone.Extensions.dll
Registered in 0.003392 seconds.
- Loaded All Assemblies, in  0.302 seconds
Native extension for WindowsStandalone target not found
Native extension for Android target not found
Android Extension - Scanning For ADB Devices 271 ms
Mono: successfully reloaded assembly
- Finished resetting the current domain, in  0.533 seconds
Domain Reload Profiling: 835ms
	BeginReloadAssembly (98ms)
		ExecutionOrderSort (0ms)
		DisableScriptedObjects (0ms)
		BackupInstance (0ms)
		ReleaseScriptingObjects (0ms)
		CreateAndSetChildDomain (1ms)
	RebuildCommonClasses (31ms)
	RebuildNativeTypeToScriptingClass (11ms)
	initialDomainReloadingComplete (41ms)
	LoadAllAssembliesAndSetupDomain (121ms)
		LoadAssemblies (98ms)
		RebuildTransferFunctionScriptingTraits (0ms)
		AnalyzeDomain (119ms)
			TypeCache.Refresh (118ms)
				TypeCache.ScanAssembly (106ms)
			ScanForSourceGeneratedMonoScriptInfo (0ms)
			ResolveRequiredComponents (0ms)
	FinalizeReload (533ms)
		ReleaseScriptCaches (0ms)
		RebuildScriptCaches (0ms)
		SetupLoadedEditorAssemblies (484ms)
			LogAssemblyErrors (0ms)
			InitializePlatformSupportModulesInManaged (360ms)
			SetLoadedEditorAssemblies (3ms)
			RefreshPlugins (0ms)
			BeforeProcessingInitializeOnLoad (2ms)
			ProcessInitializeOnLoadAttributes (81ms)
			ProcessInitializeOnLoadMethodAttributes (38ms)
			AfterProcessingInitializeOnLoad (0ms)
			EditorAssembliesLoaded (0ms)
		ExecutionOrderSort2 (0ms)
		AwakeInstancesAfterBackupRestoration (0ms)
========================================================================
Worker process is ready to serve import requests
Begin MonoManager ReloadAssembly
Symbol file LoadedFromMemory doesn't match image D:\documentos\cursos\videojuegos\Reto3\Library\PackageCache\com.unity.visualscripting@1.8.0\Editor\VisualScripting.Core\Dependencies\YamlDotNet\Unity.VisualScripting.YamlDotNet.dll
Symbol file LoadedFromMemory doesn't match image D:\documentos\cursos\videojuegos\Reto3\Library\PackageCache\com.unity.visualscripting@1.8.0\Editor\VisualScripting.Core\Dependencies\DotNetZip\Unity.VisualScripting.IonicZip.dll
- Loaded All Assemblies, in  0.524 seconds
Refreshing native plugins compatible for Editor in 2.49 ms, found 3 plugins.
Native extension for WindowsStandalone target not found
Native extension for Android target not found
Mono: successfully reloaded assembly
- Finished resetting the current domain, in  0.435 seconds
Domain Reload Profiling: 959ms
	BeginReloadAssembly (140ms)
		ExecutionOrderSort (0ms)
		DisableScriptedObjects (5ms)
		BackupInstance (0ms)
		ReleaseScriptingObjects (0ms)
		CreateAndSetChildDomain (20ms)
	RebuildCommonClasses (32ms)
	RebuildNativeTypeToScriptingClass (10ms)
	initialDomainReloadingComplete (32ms)
	LoadAllAssembliesAndSetupDomain (310ms)
		LoadAssemblies (229ms)
		RebuildTransferFunctionScriptingTraits (0ms)
		AnalyzeDomain (164ms)
			TypeCache.Refresh (142ms)
				TypeCache.ScanAssembly (128ms)
			ScanForSourceGeneratedMonoScriptInfo (13ms)
			ResolveRequiredComponents (8ms)
	FinalizeReload (435ms)
		ReleaseScriptCaches (0ms)
		RebuildScriptCaches (0ms)
		SetupLoadedEditorAssemblies (296ms)
			LogAssemblyErrors (0ms)
			InitializePlatformSupportModulesInManaged (18ms)
			SetLoadedEditorAssemblies (4ms)
			RefreshPlugins (0ms)
			BeforeProcessingInitializeOnLoad (46ms)
			ProcessInitializeOnLoadAttributes (209ms)
			ProcessInitializeOnLoadMethodAttributes (17ms)
			AfterProcessingInitializeOnLoad (2ms)
			EditorAssembliesLoaded (0ms)
		ExecutionOrderSort2 (0ms)
		AwakeInstancesAfterBackupRestoration (5ms)
Launched and connected shader compiler UnityShaderCompiler.exe after 0.04 seconds
Refreshing native plugins compatible for Editor in 1.97 ms, found 3 plugins.
Preloading 0 native plugins for Editor in 0.00 ms.
Unloading 3068 Unused Serialized files (Serialized files now loaded: 0)
Unloading 31 unused Assets / (56.3 KB). Loaded Objects now: 3533.
Memory consumption went from 119.2 MB to 119.1 MB.
Total: 2.708100 ms (FindLiveObjects: 0.242700 ms CreateObjectMapping: 0.085600 ms MarkObjects: 2.287500 ms  DeleteObjects: 0.091600 ms)

AssetImportParameters requested are different than current active one (requested -> active):
  custom:container-demuxer-ogg: 62fdf1f143b41e24485cea50d1cbac27 -> 
  custom:video-decoder-ogg-theora: a1e56fd34408186e4bbccfd4996cb3dc -> 
  custom:framework-win-MediaFoundation: 216162199b28c13a410421893ffa2e32 -> 
  custom:CustomObjectIndexerAttribute: 756ad292c208cfabdd7b50bc23989ffe -> 
  custom:container-demuxer-webm: 4f35f7cbe854078d1ac9338744f61a02 -> 
  custom:container-muxer-webm: aa71ff27fc2769a1b78a27578f13a17b -> 
  custom:video-decoder-webm-vp8: 9c59270c3fd7afecdb556c50c9e8de78 -> 
  custom:SearchIndexIgnoredProperties: e643bd26f0fe6173181afceb89e7c659 -> 
  custom:AudioImporter_EditorPlatform: d09bf68614088b80899f8185d706f6e7 -> 
  custom:video-encoder-webm-vp8: eb34c28f22e8b96e1ab97ce403110664 -> 
  custom:audio-decoder-ogg-vorbis: bf7c407c2cedff20999df2af8eb42d56 -> 
  custom:audio-encoder-webm-vorbis: bf7c407c2cedff20999df2af8eb42d56 -> 
========================================================================
Received Import Request.
  Time since last request: 455232.129286 seconds.
  path: Assets/Meshes/Roads/road ramp straight.fbx
  artifactKey: Guid(41e1be6ba5896634480cf17974c68e47) Importer(815301076,1909f56bfc062723c751e8b465ee728b)
Start importing Assets/Meshes/Roads/road ramp straight.fbx using Guid(41e1be6ba5896634480cf17974c68e47) Importer(815301076,1909f56bfc062723c751e8b465ee728b)  -> (artifact id: '5e39f63749e1a76e989c316e04f4e079') in 0.281118 seconds
Number of updated asset objects reloaded before import = 0
Number of asset objects unloaded after import = 25
========================================================================
Received Import Request.
  Time since last request: 1759.663363 seconds.
  path: Assets/Planet Earth Free/Prefabs
  artifactKey: Guid(9f196f88c8e327c47b86618ca60485ce) Importer(815301076,1909f56bfc062723c751e8b465ee728b)
Start importing Assets/Planet Earth Free/Prefabs using Guid(9f196f88c8e327c47b86618ca60485ce) Importer(815301076,1909f56bfc062723c751e8b465ee728b)  -> (artifact id: '7afbe689ff5129ecc3b3cfa996e1517c') in 0.000605 seconds
Number of updated asset objects reloaded before import = 0
Number of asset objects unloaded after import = 0
========================================================================
Received Import Request.
  Time since last request: 0.074856 seconds.
  path: Assets/Planet Earth Free/Prefabs/EarthHigh.prefab
  artifactKey: Guid(27fe6d2a15a377f4587f716a2d37ca8a) Importer(815301076,1909f56bfc062723c751e8b465ee728b)
Start importing Assets/Planet Earth Free/Prefabs/EarthHigh.prefab using Guid(27fe6d2a15a377f4587f716a2d37ca8a) Importer(815301076,1909f56bfc062723c751e8b465ee728b)  -> (artifact id: '9137eae05372bfbda34eea38e1f65f7d') in 0.527079 seconds
Number of updated asset objects reloaded before import = 0
Number of asset objects unloaded after import = 18
========================================================================
Received Import Request.
  Time since last request: 99.996830 seconds.
  path: Assets/Planet Earth Free/Materials/Earth1kMaterial.mat
  artifactKey: Guid(ddb0556055b89a04b94d593283b8daf5) Importer(815301076,1909f56bfc062723c751e8b465ee728b)
Start importing Assets/Planet Earth Free/Materials/Earth1kMaterial.mat using Guid(ddb0556055b89a04b94d593283b8daf5) Importer(815301076,1909f56bfc062723c751e8b465ee728b)  -> (artifact id: 'bbf0d63d404704ca1f74b769b54f1192') in 0.008939 seconds
Number of updated asset objects reloaded before import = 0
Number of asset objects unloaded after import = 3
========================================================================
Received Import Request.
  Time since last request: 0.000018 seconds.
  path: Assets/Planet Earth Free/Materials/Earth1kTexture.png
  artifactKey: Guid(bfe0b7cbdb6e54a4fb69c7f5b8fbcf81) Importer(815301076,1909f56bfc062723c751e8b465ee728b)
Start importing Assets/Planet Earth Free/Materials/Earth1kTexture.png using Guid(bfe0b7cbdb6e54a4fb69c7f5b8fbcf81) Importer(815301076,1909f56bfc062723c751e8b465ee728b)  -> (artifact id: 'c0da8df090229e02727e6d585e7b29d8') in 0.055907 seconds
Number of updated asset objects reloaded before import = 0
Number of asset objects unloaded after import = 2
========================================================================
Received Import Request.
  Time since last request: 0.016335 seconds.
  path: Assets/Planet Earth Free/Materials/Earth2kNormal.png
  artifactKey: Guid(47baf10b56ae76347bd195f23c04002a) Importer(815301076,1909f56bfc062723c751e8b465ee728b)
Start importing Assets/Planet Earth Free/Materials/Earth2kNormal.png using Guid(47baf10b56ae76347bd195f23c04002a) Importer(815301076,1909f56bfc062723c751e8b465ee728b)  -> (artifact id: '2c922ffd62759546f479f870398068c0') in 0.085625 seconds
Number of updated asset objects reloaded before import = 0
Number of asset objects unloaded after import = 2
========================================================================
Received Import Request.
  Time since last request: 0.000023 seconds.
  path: Assets/Planet Earth Free/Materials/Earth4kNormal.png
  artifactKey: Guid(3d650b2b67d9b1341861a4fd90c20b97) Importer(815301076,1909f56bfc062723c751e8b465ee728b)
Start importing Assets/Planet Earth Free/Materials/Earth4kNormal.png using Guid(3d650b2b67d9b1341861a4fd90c20b97) Importer(815301076,1909f56bfc062723c751e8b465ee728b)  -> (artifact id: '4a04281d1c9d27175b86af4a8f6506e1') in 0.016800 seconds
Number of updated asset objects reloaded before import = 0
Number of asset objects unloaded after import = 2
========================================================================
Received Import Request.
  Time since last request: 0.000026 seconds.
  path: Assets/Planet Earth Free/Materials/Earth4kMaterial.mat
  artifactKey: Guid(9129bad9aad7f394aa91b2eb46de21c8) Importer(815301076,1909f56bfc062723c751e8b465ee728b)
Start importing Assets/Planet Earth Free/Materials/Earth4kMaterial.mat using Guid(9129bad9aad7f394aa91b2eb46de21c8) Importer(815301076,1909f56bfc062723c751e8b465ee728b)  -> (artifact id: '01ad5b112fc22573f1d35da62fff9fb0') in 0.030724 seconds
Number of updated asset objects reloaded before import = 0
Number of asset objects unloaded after import = 3
========================================================================
Received Import Request.
  Time since last request: 0.000033 seconds.
  path: Assets/Planet Earth Free/Materials/StarsTexture.png
  artifactKey: Guid(a36530de48f48214e8decf4cc52eeb9b) Importer(815301076,1909f56bfc062723c751e8b465ee728b)
Start importing Assets/Planet Earth Free/Materials/StarsTexture.png using Guid(a36530de48f48214e8decf4cc52eeb9b) Importer(815301076,1909f56bfc062723c751e8b465ee728b)  -> (artifact id: 'f1f3f60df1593d20dbd4c00e28ed0373') in 0.014947 seconds
Number of updated asset objects reloaded before import = 0
Number of asset objects unloaded after import = 2
========================================================================
Received Import Request.
  Time since last request: 0.000020 seconds.
  path: Assets/Planet Earth Free/Materials/PlanetGlowMaterial.mat
  artifactKey: Guid(3dbe0f991fb96854dae2aeb6ad009828) Importer(815301076,1909f56bfc062723c751e8b465ee728b)
Start importing Assets/Planet Earth Free/Materials/PlanetGlowMaterial.mat using Guid(3dbe0f991fb96854dae2aeb6ad009828) Importer(815301076,1909f56bfc062723c751e8b465ee728b)  -> (artifact id: '2f545191045787e9759acb0f356fddc1') in 0.006646 seconds
Number of updated asset objects reloaded before import = 0
Number of asset objects unloaded after import = 1
========================================================================
Received Import Request.
  Time since last request: 0.000050 seconds.
  path: Assets/Planet Earth Free/Materials/Earth4kTexture.png
  artifactKey: Guid(29bd4cac4de86cb41af713a0b6498511) Importer(815301076,1909f56bfc062723c751e8b465ee728b)
Start importing Assets/Planet Earth Free/Materials/Earth4kTexture.png using Guid(29bd4cac4de86cb41af713a0b6498511) Importer(815301076,1909f56bfc062723c751e8b465ee728b)  -> (artifact id: 'da026587d431082c436f4992d36d59cf') in 0.011893 seconds
Number of updated asset objects reloaded before import = 0
Number of asset objects unloaded after import = 2
Editor requested this worker to shutdown with reason: Scaling down because of idle timeout
TcpMessagingSession - receive error
AssetImportWorkerClient::OnTransportError - code=2 error=End of file
AssetImportWorker is now disconnected from the server
Process exiting
Exiting without the bug reporter. Application will terminate with return code 0